<?xml version="1.0" encoding="UTF-8"?>
<!-- Generated by org.testng.reporters.JUnitXMLReporter -->
<testsuite hostname="DESKTOP-PJ3QETV" name="testngTest" tests="11" failures="0" timestamp="17 Mar 2020 17:00:20 GMT" time="78.881" errors="0">
  <testcase name="loadURL" time="5.703" classname="mapSynqTestFile.Login"/>
  <testcase name="clickSignInLink" time="5.328" classname="mapSynqTestFile.Login"/>
  <testcase name="loginCrediential" time="0.105" classname="mapSynqTestFile.Login"/>
  <testcase name="loadURL" time="8.43" classname="mapSynqTestFile.Register"/>
  <testcase name="getTitle" time="0.024" classname="mapSynqTestFile.Register"/>
  <testcase name="maximizeWindow" time="0.009" classname="mapSynqTestFile.Register"/>
  <testcase name="registerLink" time="4.042" classname="mapSynqTestFile.Register"/>
  <testcase name="register" time="1.025" classname="mapSynqTestFile.Register"/>
  <testcase name="loadURL" time="8.699" classname="mapSynqTestFile.Incidents"/>
  <testcase name="incidentsList" time="2.474" classname="mapSynqTestFile.Incidents"/>
  <testcase name="incedentsSearch" time="2.347" classname="mapSynqTestFile.Incidents"/>
</testsuite> <!-- testngTest -->
