<?xml version="1.0" encoding="UTF-8"?>
<testng-results skipped="0" failed="0" total="11" passed="11">
  <reporter-output>
  </reporter-output>
  <suite name="mapsynq" duration-ms="78881" started-at="2020-03-17T16:59:01Z" finished-at="2020-03-17T17:00:20Z">
    <groups>
    </groups>
    <test name="testngTest" duration-ms="78881" started-at="2020-03-17T16:59:01Z" finished-at="2020-03-17T17:00:20Z">
      <class name="mapSynqTestFile.Incidents">
        <test-method status="PASS" signature="setup()[pri:0, instance:mapSynqTestFile.Incidents@2b9627bc]" name="setup" is-config="true" duration-ms="7075" started-at="2020-03-17T22:29:54Z" finished-at="2020-03-17T22:30:02Z">
          <reporter-output>
          </reporter-output>
        </test-method> <!-- setup -->
        <test-method status="PASS" signature="loadURL()[pri:1, instance:mapSynqTestFile.Incidents@2b9627bc]" name="loadURL" duration-ms="8699" started-at="2020-03-17T22:30:02Z" finished-at="2020-03-17T22:30:10Z">
          <reporter-output>
          </reporter-output>
        </test-method> <!-- loadURL -->
        <test-method status="PASS" signature="incidentsList()[pri:2, instance:mapSynqTestFile.Incidents@2b9627bc]" name="incidentsList" duration-ms="2474" started-at="2020-03-17T22:30:10Z" finished-at="2020-03-17T22:30:13Z">
          <reporter-output>
          </reporter-output>
        </test-method> <!-- incidentsList -->
        <test-method status="PASS" signature="incedentsSearch()[pri:3, instance:mapSynqTestFile.Incidents@2b9627bc]" name="incedentsSearch" duration-ms="2347" started-at="2020-03-17T22:30:13Z" finished-at="2020-03-17T22:30:15Z">
          <reporter-output>
          </reporter-output>
        </test-method> <!-- incedentsSearch -->
        <test-method status="PASS" signature="teardown()[pri:0, instance:mapSynqTestFile.Incidents@2b9627bc]" name="teardown" is-config="true" duration-ms="5057" started-at="2020-03-17T22:30:15Z" finished-at="2020-03-17T22:30:20Z">
          <reporter-output>
          </reporter-output>
        </test-method> <!-- teardown -->
      </class> <!-- mapSynqTestFile.Incidents -->
      <class name="mapSynqTestFile.Login">
        <test-method status="PASS" signature="setup()[pri:0, instance:mapSynqTestFile.Login@1d16f93d]" name="setup" is-config="true" duration-ms="10936" started-at="2020-03-17T22:29:01Z" finished-at="2020-03-17T22:29:12Z">
          <reporter-output>
          </reporter-output>
        </test-method> <!-- setup -->
        <test-method status="PASS" signature="loadURL()[pri:1, instance:mapSynqTestFile.Login@1d16f93d]" name="loadURL" duration-ms="5703" started-at="2020-03-17T22:29:12Z" finished-at="2020-03-17T22:29:18Z">
          <reporter-output>
          </reporter-output>
        </test-method> <!-- loadURL -->
        <test-method status="PASS" signature="clickSignInLink()[pri:2, instance:mapSynqTestFile.Login@1d16f93d]" name="clickSignInLink" duration-ms="5328" started-at="2020-03-17T22:29:18Z" finished-at="2020-03-17T22:29:23Z">
          <reporter-output>
          </reporter-output>
        </test-method> <!-- clickSignInLink -->
        <test-method status="PASS" signature="loginCrediential()[pri:3, instance:mapSynqTestFile.Login@1d16f93d]" name="loginCrediential" duration-ms="105" started-at="2020-03-17T22:29:23Z" finished-at="2020-03-17T22:29:23Z">
          <reporter-output>
          </reporter-output>
        </test-method> <!-- loginCrediential -->
        <test-method status="PASS" signature="teardown()[pri:0, instance:mapSynqTestFile.Login@1d16f93d]" name="teardown" is-config="true" duration-ms="5188" started-at="2020-03-17T22:29:23Z" finished-at="2020-03-17T22:29:29Z">
          <reporter-output>
          </reporter-output>
        </test-method> <!-- teardown -->
      </class> <!-- mapSynqTestFile.Login -->
      <class name="mapSynqTestFile.Register">
        <test-method status="PASS" signature="setup()[pri:0, instance:mapSynqTestFile.Register@67b92f0a]" name="setup" is-config="true" duration-ms="7653" started-at="2020-03-17T22:29:29Z" finished-at="2020-03-17T22:29:36Z">
          <reporter-output>
          </reporter-output>
        </test-method> <!-- setup -->
        <test-method status="PASS" signature="loadURL()[pri:1, instance:mapSynqTestFile.Register@67b92f0a]" name="loadURL" duration-ms="8430" started-at="2020-03-17T22:29:36Z" finished-at="2020-03-17T22:29:45Z">
          <reporter-output>
          </reporter-output>
        </test-method> <!-- loadURL -->
        <test-method status="PASS" signature="getTitle()[pri:2, instance:mapSynqTestFile.Register@67b92f0a]" name="getTitle" duration-ms="24" started-at="2020-03-17T22:29:45Z" finished-at="2020-03-17T22:29:45Z">
          <reporter-output>
          </reporter-output>
        </test-method> <!-- getTitle -->
        <test-method status="PASS" signature="maximizeWindow()[pri:3, instance:mapSynqTestFile.Register@67b92f0a]" name="maximizeWindow" duration-ms="9" started-at="2020-03-17T22:29:45Z" finished-at="2020-03-17T22:29:45Z">
          <reporter-output>
          </reporter-output>
        </test-method> <!-- maximizeWindow -->
        <test-method status="PASS" signature="registerLink()[pri:4, instance:mapSynqTestFile.Register@67b92f0a]" name="registerLink" duration-ms="4042" started-at="2020-03-17T22:29:45Z" finished-at="2020-03-17T22:29:49Z">
          <reporter-output>
          </reporter-output>
        </test-method> <!-- registerLink -->
        <test-method status="PASS" signature="register(java.lang.String, java.lang.String, java.lang.String, java.lang.String, java.lang.String, java.lang.String, java.lang.String)[pri:5, instance:mapSynqTestFile.Register@67b92f0a]" name="register" duration-ms="1025" started-at="2020-03-17T22:29:49Z" data-provider="register" finished-at="2020-03-17T22:29:50Z">
          <params>
            <param index="0">
              <value>
                <![CDATA[AviOne]]>
              </value>
            </param>
            <param index="1">
              <value>
                <![CDATA[ChakOne]]>
              </value>
            </param>
            <param index="2">
              <value>
                <![CDATA[Singapore]]>
              </value>
            </param>
            <param index="3">
              <value>
                <![CDATA[9865321078]]>
              </value>
            </param>
            <param index="4">
              <value>
                <![CDATA[avi1@mailinator.com]]>
              </value>
            </param>
            <param index="5">
              <value>
                <![CDATA[avi1@mailinator.com]]>
              </value>
            </param>
            <param index="6">
              <value>
                <![CDATA[avi1@mailinator.com]]>
              </value>
            </param>
          </params>
          <reporter-output>
          </reporter-output>
        </test-method> <!-- register -->
        <test-method status="PASS" signature="teardown()[pri:0, instance:mapSynqTestFile.Register@67b92f0a]" name="teardown" is-config="true" duration-ms="4359" started-at="2020-03-17T22:29:50Z" finished-at="2020-03-17T22:29:54Z">
          <reporter-output>
          </reporter-output>
        </test-method> <!-- teardown -->
      </class> <!-- mapSynqTestFile.Register -->
    </test> <!-- testngTest -->
  </suite> <!-- mapsynq -->
</testng-results>
